<?xml version="1.0" encoding="UTF-8"?>
<testng-results skipped="0" failed="0" ignored="0" total="1" passed="1">
  <reporter-output>
  </reporter-output>
  <suite name="Default suite" duration-ms="21161" started-at="2019-11-29T14:55:51Z" finished-at="2019-11-29T14:56:12Z">
    <groups>
    </groups>
    <test name="Default test" duration-ms="21161" started-at="2019-11-29T14:55:51Z" finished-at="2019-11-29T14:56:12Z">
      <class name="com.trivago.tests.TrivagoScenarios">
        <test-method status="PASS" signature="setup()[pri:0, instance:com.trivago.tests.TrivagoScenarios@cb5822]" name="setup" is-config="true" duration-ms="16177" started-at="2019-11-29T18:55:51Z" finished-at="2019-11-29T18:56:07Z">
          <reporter-output>
          </reporter-output>
        </test-method> <!-- setup -->
        <test-method status="PASS" signature="trivagoOpenPostions_Scenario()[pri:0, instance:com.trivago.tests.TrivagoScenarios@cb5822]" name="trivagoOpenPostions_Scenario" duration-ms="4970" started-at="2019-11-29T18:56:07Z" finished-at="2019-11-29T18:56:12Z">
          <reporter-output>
          </reporter-output>
        </test-method> <!-- trivagoOpenPostions_Scenario -->
        <test-method status="PASS" signature="tearDown()[pri:0, instance:com.trivago.tests.TrivagoScenarios@cb5822]" name="tearDown" is-config="true" duration-ms="0" started-at="2019-11-29T18:56:12Z" finished-at="2019-11-29T18:56:12Z">
          <reporter-output>
          </reporter-output>
        </test-method> <!-- tearDown -->
      </class> <!-- com.trivago.tests.TrivagoScenarios -->
    </test> <!-- Default test -->
  </suite> <!-- Default suite -->
</testng-results>
